<?xml version="1.0" encoding="UTF-8"?>
<!-- Generated by org.testng.reporters.JUnitReportReporter -->
<testsuite hostname="Sai" failures="0" tests="5" name="practice.FlyAway" time="33.565" errors="0" timestamp="21 Sep 2023 13:13:52 GMT" skipped="0">
  <testcase classname="practice.FlyAway" name="newRegistrationTest" time="10.636"/>
  <testcase classname="practice.FlyAway" name="SignInTest" time="4.165"/>
  <testcase classname="practice.FlyAway" name="searchFlightTest" time="5.263"/>
  <testcase classname="practice.FlyAway" name="BookFlightTest" time="5.569"/>
  <testcase classname="practice.FlyAway" name="CompleteBookingTest" time="7.932"/>
</testsuite> <!-- practice.FlyAway -->
